<?xml version="1.0" encoding="UTF-8"?>
<!-- Generated by org.testng.reporters.JUnitReportReporter -->
<testsuite hostname="LAPTOP-7B54J0QD" failures="0" tests="1" name="com.mystore.testcases.TC_ProductPageTest" time="3.775" errors="0" timestamp="2023-10-16T16:20:03 IST" skipped="0">
  <testcase classname="com.mystore.testcases.TC_ProductPageTest" name="verifySearchProduct" time="3.775"/>
  <system-out/>
</testsuite> <!-- com.mystore.testcases.TC_ProductPageTest -->
